<?xml version="1.0" encoding="UTF-8"?>
<!-- Generated by org.testng.reporters.JUnitReportReporter -->
<testsuite skipped="0" hostname="DESKTOP-4QCETN2" name="com.training.regression.tests.LoginDBTest" tests="3" failures="0" timestamp="17 Dec 2018 19:34:20 GMT" time="29.764" errors="0">
  <testcase name="loginDBTest" time="10.721" classname="com.training.regression.tests.LoginDBTest"/>
  <testcase name="loginDBTest" time="9.289" classname="com.training.regression.tests.LoginDBTest"/>
  <testcase name="loginDBTest" time="9.754" classname="com.training.regression.tests.LoginDBTest"/>
</testsuite> <!-- com.training.regression.tests.LoginDBTest -->
